<?xml version="1.0" encoding="UTF-8"?>
<testng-results ignored="0" total="4" passed="3" failed="1" skipped="0">
  <reporter-output>
  </reporter-output>
  <suite started-at="2021-09-08T08:59:51 IST" name="Suite" finished-at="2021-09-08T09:00:30 IST" duration-ms="39162">
    <groups>
    </groups>
    <test started-at="2021-09-08T08:59:51 IST" name="Test" finished-at="2021-09-08T09:00:30 IST" duration-ms="39162">
      <class name="com.demoQA_Elements.testscripts.Checkbox_test">
        <test-method is-config="true" signature="getReports()[pri:0, instance:com.demoQA_Elements.testscripts.Checkbox_test@5136d012]" started-at="2021-09-08T08:59:51 IST" name="getReports" finished-at="2021-09-08T08:59:51 IST" duration-ms="370" status="PASS">
          <reporter-output>
          </reporter-output>
        </test-method> <!-- getReports -->
        <test-method is-config="true" signature="open()[pri:0, instance:com.demoQA_Elements.testscripts.Checkbox_test@5136d012]" started-at="2021-09-08T08:59:51 IST" name="open" finished-at="2021-09-08T09:00:11 IST" duration-ms="19366" status="PASS">
          <reporter-output>
          </reporter-output>
        </test-method> <!-- open -->
        <test-method is-config="true" signature="startTest(org.testng.ITestResult)[pri:0, instance:com.demoQA_Elements.testscripts.Checkbox_test@5136d012]" started-at="2021-09-08T09:00:11 IST" name="startTest" finished-at="2021-09-08T09:00:11 IST" duration-ms="21" status="PASS">
          <params>
            <param index="0">
              <value>
                <![CDATA[[TestResult name={null} status=CREATED method=Checkbox_test.checkbox_test()[pri:1, instance:com.demoQA_Elements.testscripts.Checkbox_test@5136d012] output={null}]]]>
              </value>
            </param>
          </params>
          <reporter-output>
          </reporter-output>
        </test-method> <!-- startTest -->
        <test-method signature="checkbox_test()[pri:1, instance:com.demoQA_Elements.testscripts.Checkbox_test@5136d012]" started-at="2021-09-08T09:00:11 IST" name="checkbox_test" finished-at="2021-09-08T09:00:14 IST" duration-ms="3097" status="FAIL">
          <exception class="org.openqa.selenium.ElementClickInterceptedException">
            <message>
              <![CDATA[element click intercepted: Element <span class="text">...</span> is not clickable at point (119, 309). Other element would receive the click: <div class="header-text">...</div>
  (Session info: chrome=92.0.4515.159)
Build info: version: '3.141.59', revision: 'e82be7d358', time: '2018-11-14T08:17:03'
System info: host: 'INDPJ02', ip: '192.168.43.9', os.name: 'Windows 10', os.arch: 'amd64', os.version: '10.0', java.version: '16.0.1'
Driver info: org.openqa.selenium.chrome.ChromeDriver
Capabilities {acceptInsecureCerts: false, browserName: chrome, browserVersion: 92.0.4515.159, chrome: {chromedriverVersion: 92.0.4515.107 (87a818b10553..., userDataDir: C:\Users\DPJ\AppData\Local\...}, goog:chromeOptions: {debuggerAddress: localhost:54746}, javascriptEnabled: true, networkConnectionEnabled: false, pageLoadStrategy: normal, platform: WINDOWS, platformName: WINDOWS, proxy: Proxy(), setWindowRect: true, strictFileInteractability: false, timeouts: {implicit: 0, pageLoad: 300000, script: 30000}, unhandledPromptBehavior: dismiss and notify, webauthn:extension:credBlob: true, webauthn:extension:largeBlob: true, webauthn:virtualAuthenticators: true}
Session ID: 31ece0bd5a49f9caba6917093ca935a3]]>
            </message>
            <full-stacktrace>
              <![CDATA[org.openqa.selenium.ElementClickInterceptedException: element click intercepted: Element <span class="text">...</span> is not clickable at point (119, 309). Other element would receive the click: <div class="header-text">...</div>
  (Session info: chrome=92.0.4515.159)
Build info: version: '3.141.59', revision: 'e82be7d358', time: '2018-11-14T08:17:03'
System info: host: 'INDPJ02', ip: '192.168.43.9', os.name: 'Windows 10', os.arch: 'amd64', os.version: '10.0', java.version: '16.0.1'
Driver info: org.openqa.selenium.chrome.ChromeDriver
Capabilities {acceptInsecureCerts: false, browserName: chrome, browserVersion: 92.0.4515.159, chrome: {chromedriverVersion: 92.0.4515.107 (87a818b10553..., userDataDir: C:\Users\DPJ\AppData\Local\...}, goog:chromeOptions: {debuggerAddress: localhost:54746}, javascriptEnabled: true, networkConnectionEnabled: false, pageLoadStrategy: normal, platform: WINDOWS, platformName: WINDOWS, proxy: Proxy(), setWindowRect: true, strictFileInteractability: false, timeouts: {implicit: 0, pageLoad: 300000, script: 30000}, unhandledPromptBehavior: dismiss and notify, webauthn:extension:credBlob: true, webauthn:extension:largeBlob: true, webauthn:virtualAuthenticators: true}
Session ID: 31ece0bd5a49f9caba6917093ca935a3
at java.base/jdk.internal.reflect.NativeConstructorAccessorImpl.newInstance0(Native Method)
at java.base/jdk.internal.reflect.NativeConstructorAccessorImpl.newInstance(NativeConstructorAccessorImpl.java:78)
at java.base/jdk.internal.reflect.DelegatingConstructorAccessorImpl.newInstance(DelegatingConstructorAccessorImpl.java:45)
at java.base/java.lang.reflect.Constructor.newInstanceWithCaller(Constructor.java:499)
at java.base/java.lang.reflect.Constructor.newInstance(Constructor.java:480)
at org.openqa.selenium.remote.http.W3CHttpResponseCodec.createException(W3CHttpResponseCodec.java:187)
at org.openqa.selenium.remote.http.W3CHttpResponseCodec.decode(W3CHttpResponseCodec.java:122)
at org.openqa.selenium.remote.http.W3CHttpResponseCodec.decode(W3CHttpResponseCodec.java:49)
at org.openqa.selenium.remote.HttpCommandExecutor.execute(HttpCommandExecutor.java:158)
at org.openqa.selenium.remote.service.DriverCommandExecutor.execute(DriverCommandExecutor.java:83)
at org.openqa.selenium.remote.RemoteWebDriver.execute(RemoteWebDriver.java:552)
at org.openqa.selenium.remote.RemoteWebElement.execute(RemoteWebElement.java:285)
at org.openqa.selenium.remote.RemoteWebElement.click(RemoteWebElement.java:84)
at java.base/jdk.internal.reflect.NativeMethodAccessorImpl.invoke0(Native Method)
at java.base/jdk.internal.reflect.NativeMethodAccessorImpl.invoke(NativeMethodAccessorImpl.java:78)
at java.base/jdk.internal.reflect.DelegatingMethodAccessorImpl.invoke(DelegatingMethodAccessorImpl.java:43)
at java.base/java.lang.reflect.Method.invoke(Method.java:567)
at org.openqa.selenium.support.pagefactory.internal.LocatingElementHandler.invoke(LocatingElementHandler.java:51)
at jdk.proxy2/jdk.proxy2.$Proxy16.click(Unknown Source)
at com.demoQA_Elements.pagefactory.Checkbox_Page.checkbox(Checkbox_Page.java:38)
at com.demoQA_Elements.testscripts.Checkbox_test.checkbox_test(Checkbox_test.java:49)
at java.base/jdk.internal.reflect.NativeMethodAccessorImpl.invoke0(Native Method)
at java.base/jdk.internal.reflect.NativeMethodAccessorImpl.invoke(NativeMethodAccessorImpl.java:78)
at java.base/jdk.internal.reflect.DelegatingMethodAccessorImpl.invoke(DelegatingMethodAccessorImpl.java:43)
at java.base/java.lang.reflect.Method.invoke(Method.java:567)
at org.testng.internal.MethodInvocationHelper.invokeMethod(MethodInvocationHelper.java:134)
at org.testng.internal.TestInvoker.invokeMethod(TestInvoker.java:597)
at org.testng.internal.TestInvoker.invokeTestMethod(TestInvoker.java:173)
at org.testng.internal.MethodRunner.runInSequence(MethodRunner.java:46)
at org.testng.internal.TestInvoker$MethodInvocationAgent.invoke(TestInvoker.java:816)
at org.testng.internal.TestInvoker.invokeTestMethods(TestInvoker.java:146)
at org.testng.internal.TestMethodWorker.invokeTestMethods(TestMethodWorker.java:146)
at org.testng.internal.TestMethodWorker.run(TestMethodWorker.java:128)
at java.base/java.util.ArrayList.forEach(ArrayList.java:1511)
at org.testng.TestRunner.privateRun(TestRunner.java:766)
at org.testng.TestRunner.run(TestRunner.java:587)
at org.testng.SuiteRunner.runTest(SuiteRunner.java:384)
at org.testng.SuiteRunner.runSequentially(SuiteRunner.java:378)
at org.testng.SuiteRunner.privateRun(SuiteRunner.java:337)
at org.testng.SuiteRunner.run(SuiteRunner.java:286)
at org.testng.SuiteRunnerWorker.runSuite(SuiteRunnerWorker.java:53)
at org.testng.SuiteRunnerWorker.run(SuiteRunnerWorker.java:96)
at org.testng.TestNG.runSuitesSequentially(TestNG.java:1187)
at org.testng.TestNG.runSuitesLocally(TestNG.java:1109)
at org.testng.TestNG.runSuites(TestNG.java:1039)
at org.testng.TestNG.run(TestNG.java:1007)
at org.testng.remote.AbstractRemoteTestNG.run(AbstractRemoteTestNG.java:115)
at org.testng.remote.RemoteTestNG.initAndRun(RemoteTestNG.java:251)
at org.testng.remote.RemoteTestNG.main(RemoteTestNG.java:77)
]]>
            </full-stacktrace>
          </exception> <!-- org.openqa.selenium.ElementClickInterceptedException -->
          <reporter-output>
          </reporter-output>
        </test-method> <!-- checkbox_test -->
        <test-method is-config="true" signature="getStatus(org.testng.ITestResult)[pri:0, instance:com.demoQA_Elements.testscripts.Checkbox_test@5136d012]" started-at="2021-09-08T09:00:14 IST" name="getStatus" finished-at="2021-09-08T09:00:18 IST" duration-ms="4190" status="PASS">
          <params>
            <param index="0">
              <value>
                <![CDATA[[TestResult name=checkbox_test status=FAILURE method=Checkbox_test.checkbox_test()[pri:1, instance:com.demoQA_Elements.testscripts.Checkbox_test@5136d012] output={null}]]]>
              </value>
            </param>
          </params>
          <reporter-output>
          </reporter-output>
        </test-method> <!-- getStatus -->
        <test-method is-config="true" signature="close()[pri:0, instance:com.demoQA_Elements.testscripts.Checkbox_test@5136d012]" started-at="2021-09-08T09:00:18 IST" name="close" finished-at="2021-09-08T09:00:19 IST" duration-ms="1068" status="PASS">
          <reporter-output>
          </reporter-output>
        </test-method> <!-- close -->
        <test-method is-config="true" signature="endTest()[pri:0, instance:com.demoQA_Elements.testscripts.Checkbox_test@5136d012]" started-at="2021-09-08T09:00:31 IST" name="endTest" finished-at="2021-09-08T09:00:31 IST" duration-ms="642" status="PASS">
          <reporter-output>
          </reporter-output>
        </test-method> <!-- endTest -->
      </class> <!-- com.demoQA_Elements.testscripts.Checkbox_test -->
      <class name="com.demoQA_Widgets.testscripts.Tabs_test">
        <test-method is-config="true" signature="open()[pri:0, instance:com.demoQA_Widgets.testscripts.Tabs_test@5939a379]" started-at="2021-09-08T09:00:19 IST" name="open" finished-at="2021-09-08T09:00:29 IST" duration-ms="10250" status="PASS">
          <reporter-output>
          </reporter-output>
        </test-method> <!-- open -->
        <test-method is-config="true" signature="startTest(org.testng.ITestResult)[pri:0, instance:com.demoQA_Widgets.testscripts.Tabs_test@5939a379]" started-at="2021-09-08T09:00:29 IST" name="startTest" finished-at="2021-09-08T09:00:29 IST" duration-ms="1" status="PASS">
          <params>
            <param index="0">
              <value>
                <![CDATA[[TestResult name={null} status=CREATED method=Tabs_test.tab_test()[pri:1, instance:com.demoQA_Widgets.testscripts.Tabs_test@5939a379] output={null}]]]>
              </value>
            </param>
          </params>
          <reporter-output>
          </reporter-output>
        </test-method> <!-- startTest -->
        <test-method signature="tab_test()[pri:1, instance:com.demoQA_Widgets.testscripts.Tabs_test@5939a379]" started-at="2021-09-08T09:00:29 IST" name="tab_test" finished-at="2021-09-08T09:00:30 IST" duration-ms="801" status="PASS">
          <reporter-output>
          </reporter-output>
        </test-method> <!-- tab_test -->
        <test-method is-config="true" signature="getStatus(org.testng.ITestResult)[pri:0, instance:com.demoQA_Widgets.testscripts.Tabs_test@5939a379]" started-at="2021-09-08T09:00:30 IST" name="getStatus" finished-at="2021-09-08T09:00:30 IST" duration-ms="3" status="PASS">
          <params>
            <param index="0">
              <value>
                <![CDATA[[TestResult name=tab_test status=SUCCESS method=Tabs_test.tab_test()[pri:1, instance:com.demoQA_Widgets.testscripts.Tabs_test@5939a379] output={null}]]]>
              </value>
            </param>
          </params>
          <reporter-output>
          </reporter-output>
        </test-method> <!-- getStatus -->
        <test-method is-config="true" signature="startTest(org.testng.ITestResult)[pri:0, instance:com.demoQA_Widgets.testscripts.Tabs_test@5939a379]" started-at="2021-09-08T09:00:30 IST" name="startTest" finished-at="2021-09-08T09:00:30 IST" duration-ms="0" status="PASS">
          <params>
            <param index="0">
              <value>
                <![CDATA[[TestResult name={null} status=CREATED method=Tabs_test.origin_test()[pri:2, instance:com.demoQA_Widgets.testscripts.Tabs_test@5939a379] output={null}]]]>
              </value>
            </param>
          </params>
          <reporter-output>
          </reporter-output>
        </test-method> <!-- startTest -->
        <test-method signature="origin_test()[pri:2, instance:com.demoQA_Widgets.testscripts.Tabs_test@5939a379]" started-at="2021-09-08T09:00:30 IST" name="origin_test" finished-at="2021-09-08T09:00:30 IST" duration-ms="138" status="PASS">
          <reporter-output>
          </reporter-output>
        </test-method> <!-- origin_test -->
        <test-method is-config="true" signature="getStatus(org.testng.ITestResult)[pri:0, instance:com.demoQA_Widgets.testscripts.Tabs_test@5939a379]" started-at="2021-09-08T09:00:30 IST" name="getStatus" finished-at="2021-09-08T09:00:30 IST" duration-ms="2" status="PASS">
          <params>
            <param index="0">
              <value>
                <![CDATA[[TestResult name=origin_test status=SUCCESS method=Tabs_test.origin_test()[pri:2, instance:com.demoQA_Widgets.testscripts.Tabs_test@5939a379] output={null}]]]>
              </value>
            </param>
          </params>
          <reporter-output>
          </reporter-output>
        </test-method> <!-- getStatus -->
        <test-method is-config="true" signature="startTest(org.testng.ITestResult)[pri:0, instance:com.demoQA_Widgets.testscripts.Tabs_test@5939a379]" started-at="2021-09-08T09:00:30 IST" name="startTest" finished-at="2021-09-08T09:00:30 IST" duration-ms="1" status="PASS">
          <params>
            <param index="0">
              <value>
                <![CDATA[[TestResult name={null} status=CREATED method=Tabs_test.use_test()[pri:3, instance:com.demoQA_Widgets.testscripts.Tabs_test@5939a379] output={null}]]]>
              </value>
            </param>
          </params>
          <reporter-output>
          </reporter-output>
        </test-method> <!-- startTest -->
        <test-method signature="use_test()[pri:3, instance:com.demoQA_Widgets.testscripts.Tabs_test@5939a379]" started-at="2021-09-08T09:00:30 IST" name="use_test" finished-at="2021-09-08T09:00:30 IST" duration-ms="113" status="PASS">
          <reporter-output>
          </reporter-output>
        </test-method> <!-- use_test -->
        <test-method is-config="true" signature="getStatus(org.testng.ITestResult)[pri:0, instance:com.demoQA_Widgets.testscripts.Tabs_test@5939a379]" started-at="2021-09-08T09:00:30 IST" name="getStatus" finished-at="2021-09-08T09:00:30 IST" duration-ms="1" status="PASS">
          <params>
            <param index="0">
              <value>
                <![CDATA[[TestResult name=use_test status=SUCCESS method=Tabs_test.use_test()[pri:3, instance:com.demoQA_Widgets.testscripts.Tabs_test@5939a379] output={null}]]]>
              </value>
            </param>
          </params>
          <reporter-output>
          </reporter-output>
        </test-method> <!-- getStatus -->
      </class> <!-- com.demoQA_Widgets.testscripts.Tabs_test -->
    </test> <!-- Test -->
  </suite> <!-- Suite -->
</testng-results>
