<?xml version="1.0" encoding="UTF-8"?>
<!-- Generated by org.testng.reporters.JUnitXMLReporter -->
<testsuite ignored="0" hostname="INDPJ02" failures="0" tests="3" name="Default test" time="25.587" errors="0" timestamp="2021-09-08T08:53:21 IST">
  <testcase classname="com.demoQA_Widgets.testscripts.Tabs_test" name="@BeforeMethod startTest" time="0.008">
    <failure type="java.lang.NullPointerException" message="Cannot invoke &amp;quot;com.relevantcodes.extentreports.ExtentReports.startTest(String)&amp;quot; because &amp;quot;com.demoQA_Elements.pagefactory.BaseClass.extent&amp;quot; is null">
      <![CDATA[java.lang.NullPointerException: Cannot invoke "com.relevantcodes.extentreports.ExtentReports.startTest(String)" because "com.demoQA_Elements.pagefactory.BaseClass.extent" is null
at com.demoQA_Elements.pagefactory.BaseClass.testStart(BaseClass.java:132)
at com.demoQA_Widgets.testscripts.Tabs_test.startTest(Tabs_test.java:24)
at java.base/jdk.internal.reflect.NativeMethodAccessorImpl.invoke0(Native Method)
at java.base/jdk.internal.reflect.NativeMethodAccessorImpl.invoke(NativeMethodAccessorImpl.java:78)
at java.base/jdk.internal.reflect.DelegatingMethodAccessorImpl.invoke(DelegatingMethodAccessorImpl.java:43)
at java.base/java.lang.reflect.Method.invoke(Method.java:567)
at org.testng.internal.MethodInvocationHelper.invokeMethod(MethodInvocationHelper.java:134)
at org.testng.internal.MethodInvocationHelper.invokeMethodConsideringTimeout(MethodInvocationHelper.java:63)
at org.testng.internal.ConfigInvoker.invokeConfigurationMethod(ConfigInvoker.java:348)
at org.testng.internal.ConfigInvoker.invokeConfigurations(ConfigInvoker.java:302)
at org.testng.internal.TestInvoker.runConfigMethods(TestInvoker.java:695)
at org.testng.internal.TestInvoker.invokeMethod(TestInvoker.java:523)
at org.testng.internal.TestInvoker.invokeTestMethod(TestInvoker.java:173)
at org.testng.internal.MethodRunner.runInSequence(MethodRunner.java:46)
at org.testng.internal.TestInvoker$MethodInvocationAgent.invoke(TestInvoker.java:816)
at org.testng.internal.TestInvoker.invokeTestMethods(TestInvoker.java:146)
at org.testng.internal.TestMethodWorker.invokeTestMethods(TestMethodWorker.java:146)
at org.testng.internal.TestMethodWorker.run(TestMethodWorker.java:128)
at java.base/java.util.ArrayList.forEach(ArrayList.java:1511)
at org.testng.TestRunner.privateRun(TestRunner.java:766)
at org.testng.TestRunner.run(TestRunner.java:587)
at org.testng.SuiteRunner.runTest(SuiteRunner.java:384)
at org.testng.SuiteRunner.runSequentially(SuiteRunner.java:378)
at org.testng.SuiteRunner.privateRun(SuiteRunner.java:337)
at org.testng.SuiteRunner.run(SuiteRunner.java:286)
at org.testng.SuiteRunnerWorker.runSuite(SuiteRunnerWorker.java:53)
at org.testng.SuiteRunnerWorker.run(SuiteRunnerWorker.java:96)
at org.testng.TestNG.runSuitesSequentially(TestNG.java:1187)
at org.testng.TestNG.runSuitesLocally(TestNG.java:1109)
at org.testng.TestNG.runSuites(TestNG.java:1039)
at org.testng.TestNG.run(TestNG.java:1007)
at org.testng.remote.AbstractRemoteTestNG.run(AbstractRemoteTestNG.java:115)
at org.testng.remote.RemoteTestNG.initAndRun(RemoteTestNG.java:251)
at org.testng.remote.RemoteTestNG.main(RemoteTestNG.java:77)
]]>
    </failure>
  </testcase> <!-- @BeforeMethod startTest -->
  <testcase classname="com.demoQA_Widgets.testscripts.Tabs_test" name="@AfterMethod getStatus" time="-1.631071401664E9">
    <skipped/>
  </testcase> <!-- @AfterMethod getStatus -->
  <testcase classname="com.demoQA_Widgets.testscripts.Tabs_test" name="@BeforeMethod startTest" time="-1.631071401681E9">
    <skipped/>
  </testcase> <!-- @BeforeMethod startTest -->
  <testcase classname="com.demoQA_Widgets.testscripts.Tabs_test" name="@AfterMethod getStatus" time="-1.631071401715E9">
    <skipped/>
  </testcase> <!-- @AfterMethod getStatus -->
  <testcase classname="com.demoQA_Widgets.testscripts.Tabs_test" name="@BeforeMethod startTest" time="-1.63107140174E9">
    <skipped/>
  </testcase> <!-- @BeforeMethod startTest -->
  <testcase classname="com.demoQA_Widgets.testscripts.Tabs_test" name="@AfterMethod getStatus" time="-1.631071401778E9">
    <skipped/>
  </testcase> <!-- @AfterMethod getStatus -->
  <testcase classname="com.demoQA_Widgets.testscripts.Tabs_test" name="tab_test" time="0.0">
    <skipped/>
  </testcase> <!-- tab_test -->
  <testcase classname="com.demoQA_Widgets.testscripts.Tabs_test" name="origin_test" time="0.0">
    <skipped/>
  </testcase> <!-- origin_test -->
  <testcase classname="com.demoQA_Widgets.testscripts.Tabs_test" name="use_test" time="0.0">
    <skipped/>
  </testcase> <!-- use_test -->
</testsuite> <!-- Default test -->
